Compiling 27 files with Solc 0.8.20
Solc 0.8.20 finished in 2.13s
Compiler run successful with warnings:
Warning (3420): Source file does not specify required compiler version! Consider adding "pragma solidity ^0.8.20;"
--> script/Deploy.s.sol

Analysing contracts...
Running tests...

Ran 21 tests for test/MultisigWallet.t.sol:MultisigWalletTest
[PASS] testFail_ConfirmExecutedTransaction() (gas: 238691)
[PASS] testFail_ConfirmTransactionTwice() (gas: 142336)
[PASS] testFail_ConstructorDuplicateSigner() (gas: 114004)
[PASS] testFail_ConstructorInvalidConfirmations() (gas: 47121)
[PASS] testFail_ConstructorTooFewSigners() (gas: 44324)
[PASS] testFail_ExecuteTransactionInsufficientConfirmations() (gas: 142392)
[PASS] testFail_ExecuteTransactionTwice() (gas: 233910)
[PASS] testFail_RemoveSignerBelowMinimum() (gas: 22198)
[PASS] testFail_RevokeUnconfirmedTransaction() (gas: 102704)
[PASS] testFail_SubmitTransactionNonSigner() (gas: 14189)
[PASS] testFail_SubmitTransactionZeroAddress() (gas: 16211)
[PASS] testFuzz_AddSigner(address) (runs: 257, μ: 71784, ~: 71784)
[PASS] testFuzz_SubmitTransaction(address,uint256,bytes) (runs: 257, μ: 143590, ~: 138651)
[PASS] test_AddSigner() (gas: 74696)
[PASS] test_ConfirmTransaction() (gas: 153171)
[PASS] test_Constructor() (gas: 35285)
[PASS] test_ExecuteTransaction() (gas: 234972)
[PASS] test_ReceiveEther() (gas: 16608)
[PASS] test_RemoveSigner() (gas: 76184)
[PASS] test_RevokeConfirmation() (gas: 119549)
[PASS] test_SubmitTransaction() (gas: 98315)
Suite result: ok. 21 passed; 0 failed; 0 skipped; finished in 21.45ms (32.06ms CPU time)

Ran 1 test suite in 130.94ms (21.45ms CPU time): 21 tests passed, 0 failed, 0 skipped (21 total tests)
Uncovered for src/MultisigWallet.sol:
- Branch (branch: 0, path: 0) (location: source ID 24, lines 38..39, bytes 1446..1464, hits: 0)
- Statement (location: source ID 24, lines 38..39, bytes 1446..1464, hits: 0)
- Branch (branch: 1, path: 0) (location: source ID 24, lines 45..46, bytes 1658..1687, hits: 0)
- Statement (location: source ID 24, lines 45..46, bytes 1658..1687, hits: 0)
- Line (location: source ID 24, lines 52..53, bytes 1898..1922, hits: 0)
- Branch (branch: 2, path: 0) (location: source ID 24, lines 52..53, bytes 1898..1922, hits: 0)
- Statement (location: source ID 24, lines 52..53, bytes 1898..1922, hits: 0)
- Branch (branch: 6, path: 0) (location: source ID 24, lines 86..87, bytes 3212..3235, hits: 0)
- Statement (location: source ID 24, lines 86..87, bytes 3212..3235, hits: 0)
- Branch (branch: 11, path: 0) (location: source ID 24, lines 172..173, bytes 5608..5632, hits: 0)
- Statement (location: source ID 24, lines 172..173, bytes 5608..5632, hits: 0)
- Branch (branch: 12, path: 0) (location: source ID 24, lines 183..184, bytes 6001..6024, hits: 0)
- Statement (location: source ID 24, lines 183..184, bytes 6001..6024, hits: 0)
- Line (location: source ID 24, lines 184..185, bytes 6061..6083, hits: 0)
- Branch (branch: 13, path: 0) (location: source ID 24, lines 184..185, bytes 6061..6083, hits: 0)
- Statement (location: source ID 24, lines 184..185, bytes 6061..6083, hits: 0)
- Branch (branch: 14, path: 0) (location: source ID 24, lines 194..195, bytes 6336..6355, hits: 0)
- Statement (location: source ID 24, lines 194..195, bytes 6336..6355, hits: 0)
- Branch (branch: 16, path: 0) (location: source ID 24, lines 196..197, bytes 6484..6513, hits: 0)
- Statement (location: source ID 24, lines 196..197, bytes 6484..6513, hits: 0)

Anchors for Contract "StdStyle" (solc 0.8.20, source ID 9):

Anchors for Contract "IMultisigWallet" (solc 0.8.20, source ID 25):

Anchors for Contract "Test" (solc 0.8.20, source ID 12):

Anchors for Contract "IERC721" (solc 0.8.20, source ID 18):

Anchors for Contract "ScriptBase" (solc 0.8.20, source ID 0):

Anchors for Contract "IERC721TokenReceiver" (solc 0.8.20, source ID 18):

Anchors for Contract "VmSafe" (solc 0.8.20, source ID 13):

Anchors for Contract "StdChains" (solc 0.8.20, source ID 2):

Anchors for Contract "StdInvariant" (solc 0.8.20, source ID 5):

Anchors for Contract "stdStorage" (solc 0.8.20, source ID 8):

Anchors for Contract "MultisigWalletTest" (solc 0.8.20, source ID 26):

Anchors for Contract "StdAssertions" (solc 0.8.20, source ID 1):

Anchors for Contract "stdJson" (solc 0.8.20, source ID 6):

Anchors for Contract "safeconsole" (solc 0.8.20, source ID 22):

Anchors for Contract "IERC721Enumerable" (solc 0.8.20, source ID 18):

Anchors for Contract "StdCheatsSafe" (solc 0.8.20, source ID 3):

Anchors for Contract "MockERC20" (solc 0.8.20, source ID 20):

Anchors for Contract "MultisigWallet" (solc 0.8.20, source ID 24):
- IC 5 -> Item 22
- Runtime code
  - Refers to item: Line (location: source ID 24, lines 70..99, bytes 2585..3486, hits: 24)
- IC 5 -> Item 23
- Runtime code
  - Refers to item: Function "constructor" (location: source ID 24, lines 70..99, bytes 2585..3486, hits: 24)
- IC 55 -> Item 24
- Runtime code
  - Refers to item: Line (location: source ID 24, lines 71..72, bytes 2673..2719, hits: 24)
- IC 55 -> Item 25
- Runtime code
  - Refers to item: Statement (location: source ID 24, lines 71..72, bytes 2673..2719, hits: 24)
- IC 62 -> Item 26
- Runtime code
  - Refers to item: Line (location: source ID 24, lines 74..75, bytes 2761..2788, hits: 24)
- IC 62 -> Item 27
- Runtime code
  - Refers to item: Statement (location: source ID 24, lines 74..75, bytes 2761..2788, hits: 24)
- IC 70 -> Item 28
- Runtime code
  - Refers to item: Branch (branch: 4, path: 0) (location: source ID 24, lines 74..75, bytes 2790..2812, hits: 1)
- IC 70 -> Item 29
- Runtime code
  - Refers to item: Statement (location: source ID 24, lines 74..75, bytes 2790..2812, hits: 1)
- IC 120 -> Item 30
- Runtime code
  - Refers to item: Line (location: source ID 24, lines 75..76, bytes 2826..2894, hits: 23)
- IC 120 -> Item 31
- Runtime code
  - Refers to item: Statement (location: source ID 24, lines 75..76, bytes 2826..2894, hits: 23)
- IC 120 -> Item 32
- Runtime code
  - Refers to item: Statement (location: source ID 24, lines 75..76, bytes 2826..2852, hits: 23)
- IC 131 -> Item 33
- Runtime code
  - Refers to item: Statement (location: source ID 24, lines 75..76, bytes 2856..2894, hits: 23)
- IC 141 -> Item 34
- Runtime code
  - Refers to item: Branch (branch: 5, path: 0) (location: source ID 24, lines 75..78, bytes 2896..2950, hits: 1)
- IC 141 -> Item 35
- Runtime code
  - Refers to item: Line (location: source ID 24, lines 76..77, bytes 2910..2939, hits: 1)
- IC 141 -> Item 36
- Runtime code
  - Refers to item: Statement (location: source ID 24, lines 76..77, bytes 2910..2939, hits: 1)
- IC 191 -> Item 37
- Runtime code
  - Refers to item: Line (location: source ID 24, lines 80..81, bytes 2998..3044, hits: 22)
- IC 191 -> Item 38
- Runtime code
  - Refers to item: Statement (location: source ID 24, lines 80..81, bytes 2998..3044, hits: 22)
- IC 199 -> Item 39
- Runtime code
  - Refers to item: Line (location: source ID 24, lines 83..84, bytes 3091..3100, hits: 22)
- IC 199 -> Item 40
- Runtime code
  - Refers to item: Statement (location: source ID 24, lines 83..84, bytes 3091..3100, hits: 22)
- IC 201 -> Item 41
- Runtime code
  - Refers to item: Statement (location: source ID 24, lines 83..84, bytes 3102..3119, hits: 86)
- IC 210 -> Item 42
- Runtime code
  - Refers to item: Line (location: source ID 24, lines 84..85, bytes 3136..3171, hits: 65)
- IC 210 -> Item 43
- Runtime code
  - Refers to item: Statement (location: source ID 24, lines 84..85, bytes 3136..3171, hits: 65)
- IC 243 -> Item 44
- Runtime code
  - Refers to item: Line (location: source ID 24, lines 86..87, bytes 3190..3210, hits: 65)
- IC 243 -> Item 45
- Runtime code
  - Refers to item: Statement (location: source ID 24, lines 86..87, bytes 3190..3210, hits: 65)
- IC 295 -> Item 46
- Runtime code
  - Refers to item: Branch (branch: 6, path: 0) (location: source ID 24, lines 86..87, bytes 3212..3235, hits: 0)
- IC 295 -> Item 47
- Runtime code
  - Refers to item: Statement (location: source ID 24, lines 86..87, bytes 3212..3235, hits: 0)
- IC 424 -> Item 48
- Runtime code
  - Refers to item: Line (location: source ID 24, lines 87..88, bytes 3273..3295, hits: 1)
- IC 424 -> Item 49
- Runtime code
  - Refers to item: Branch (branch: 7, path: 0) (location: source ID 24, lines 87..88, bytes 3273..3295, hits: 1)
- IC 424 -> Item 50
- Runtime code
  - Refers to item: Statement (location: source ID 24, lines 87..88, bytes 3273..3295, hits: 1)
- IC 474 -> Item 51
- Runtime code
  - Refers to item: Line (location: source ID 24, lines 89..90, bytes 3310..3335, hits: 64)
- IC 474 -> Item 52
- Runtime code
  - Refers to item: Statement (location: source ID 24, lines 89..90, bytes 3310..3335, hits: 64)
- IC 558 -> Item 53
- Runtime code
  - Refers to item: Line (location: source ID 24, lines 90..91, bytes 3349..3370, hits: 64)
- IC 558 -> Item 54
- Runtime code
  - Refers to item: Statement (location: source ID 24, lines 90..91, bytes 3349..3370, hits: 64)
- IC 654 -> Item 55
- Runtime code
  - Refers to item: Line (location: source ID 24, lines 92..93, bytes 3385..3409, hits: 64)
- IC 654 -> Item 56
- Runtime code
  - Refers to item: Statement (location: source ID 24, lines 92..93, bytes 3385..3409, hits: 64)
- IC 721 -> Item 57
- Runtime code
  - Refers to item: Line (location: source ID 24, lines 95..96, bytes 3452..3455, hits: 64)
- IC 721 -> Item 58
- Runtime code
  - Refers to item: Statement (location: source ID 24, lines 95..96, bytes 3452..3455, hits: 64)
- IC 695 -> Item 0
- Creation code
  - Refers to item: Line (location: source ID 24, lines 37..41, bytes 1385..1482, hits: 2)
- IC 695 -> Item 1
- Creation code
  - Refers to item: Function "onlySigner" (location: source ID 24, lines 37..41, bytes 1385..1482, hits: 2)
- IC 695 -> Item 2
- Creation code
  - Refers to item: Line (location: source ID 24, lines 38..39, bytes 1421..1444, hits: 2)
- IC 695 -> Item 3
- Creation code
  - Refers to item: Statement (location: source ID 24, lines 38..39, bytes 1421..1444, hits: 2)
- IC 772 -> Item 4
- Creation code
  - Refers to item: Branch (branch: 0, path: 0) (location: source ID 24, lines 38..39, bytes 1446..1464, hits: 0)
- IC 772 -> Item 5
- Creation code
  - Refers to item: Statement (location: source ID 24, lines 38..39, bytes 1446..1464, hits: 0)
- IC 1773 -> Item 6
- Creation code
  - Refers to item: Line (location: source ID 24, lines 44..48, bytes 1580..1705, hits: 2)
- IC 1773 -> Item 7
- Creation code
  - Refers to item: Function "txExists" (location: source ID 24, lines 44..48, bytes 1580..1705, hits: 2)
- IC 1773 -> Item 8
- Creation code
  - Refers to item: Line (location: source ID 24, lines 45..46, bytes 1627..1656, hits: 2)
- IC 1773 -> Item 9
- Creation code
  - Refers to item: Statement (location: source ID 24, lines 45..46, bytes 1627..1656, hits: 2)
- IC 1785 -> Item 10
- Creation code
  - Refers to item: Branch (branch: 1, path: 0) (location: source ID 24, lines 45..46, bytes 1658..1687, hits: 0)
- IC 1785 -> Item 11
- Creation code
  - Refers to item: Statement (location: source ID 24, lines 45..46, bytes 1658..1687, hits: 0)
- IC 1836 -> Item 12
- Creation code
  - Refers to item: Line (location: source ID 24, lines 51..55, bytes 1817..1940, hits: 2)
- IC 1836 -> Item 13
- Creation code
  - Refers to item: Function "notExecuted" (location: source ID 24, lines 51..55, bytes 1817..1940, hits: 2)
- IC 1889 -> Item 14
- Creation code
  - Refers to item: Line (location: source ID 24, lines 52..53, bytes 1898..1922, hits: 0)
- IC 1889 -> Item 15
- Creation code
  - Refers to item: Branch (branch: 2, path: 0) (location: source ID 24, lines 52..53, bytes 1898..1922, hits: 0)
- IC 1889 -> Item 16
- Creation code
  - Refers to item: Statement (location: source ID 24, lines 52..53, bytes 1898..1922, hits: 0)
- IC 3011 -> Item 17
- Creation code
  - Refers to item: Line (location: source ID 24, lines 58..62, bytes 2069..2198, hits: 11)
- IC 3011 -> Item 18
- Creation code
  - Refers to item: Function "notConfirmed" (location: source ID 24, lines 58..62, bytes 2069..2198, hits: 11)
- IC 3105 -> Item 19
- Creation code
  - Refers to item: Line (location: source ID 24, lines 59..60, bytes 2155..2180, hits: 1)
- IC 3105 -> Item 20
- Creation code
  - Refers to item: Branch (branch: 3, path: 0) (location: source ID 24, lines 59..60, bytes 2155..2180, hits: 1)
- IC 3105 -> Item 21
- Creation code
  - Refers to item: Statement (location: source ID 24, lines 59..60, bytes 2155..2180, hits: 1)
- IC 554 -> Item 59
- Creation code
  - Refers to item: Line (location: source ID 24, lines 105..124, bytes 3714..4219, hits: 268)
- IC 554 -> Item 60
- Creation code
  - Refers to item: Function "submitTransaction" (location: source ID 24, lines 105..124, bytes 3714..4219, hits: 268)
- IC 3520 -> Item 61
- Creation code
  - Refers to item: Line (location: source ID 24, lines 114..115, bytes 3904..3920, hits: 267)
- IC 3520 -> Item 62
- Creation code
  - Refers to item: Statement (location: source ID 24, lines 114..115, bytes 3904..3920, hits: 267)
- IC 3571 -> Item 63
- Creation code
  - Refers to item: Branch (branch: 8, path: 0) (location: source ID 24, lines 114..115, bytes 3922..3945, hits: 1)
- IC 3571 -> Item 64
- Creation code
  - Refers to item: Statement (location: source ID 24, lines 114..115, bytes 3922..3945, hits: 1)
- IC 3621 -> Item 65
- Creation code
  - Refers to item: Line (location: source ID 24, lines 117..118, bytes 3987..4014, hits: 266)
- IC 3621 -> Item 66
- Creation code
  - Refers to item: Statement (location: source ID 24, lines 117..118, bytes 3987..4014, hits: 266)
- IC 3629 -> Item 67
- Creation code
  - Refers to item: Line (location: source ID 24, lines 118..121, bytes 4024..4153, hits: 266)
- IC 3629 -> Item 68
- Creation code
  - Refers to item: Statement (location: source ID 24, lines 118..121, bytes 4024..4153, hits: 266)
- IC 3942 -> Item 69
- Creation code
  - Refers to item: Line (location: source ID 24, lines 122..123, bytes 4164..4212, hits: 266)
- IC 3942 -> Item 70
- Creation code
  - Refers to item: Statement (location: source ID 24, lines 122..123, bytes 4164..4212, hits: 266)
- IC 514 -> Item 71
- Creation code
  - Refers to item: Line (location: source ID 24, lines 126..139, bytes 4261..4635, hits: 12)
- IC 514 -> Item 72
- Creation code
  - Refers to item: Function "confirmTransaction" (location: source ID 24, lines 126..139, bytes 4261..4635, hits: 12)
- IC 3155 -> Item 73
- Creation code
  - Refers to item: Line (location: source ID 24, lines 133..134, bytes 4429..4482, hits: 10)
- IC 3155 -> Item 74
- Creation code
  - Refers to item: Statement (location: source ID 24, lines 133..134, bytes 4429..4482, hits: 10)
- IC 3190 -> Item 75
- Creation code
  - Refers to item: Line (location: source ID 24, lines 134..135, bytes 4492..4531, hits: 10)
- IC 3190 -> Item 76
- Creation code
  - Refers to item: Statement (location: source ID 24, lines 134..135, bytes 4492..4531, hits: 10)
- IC 3290 -> Item 77
- Creation code
  - Refers to item: Line (location: source ID 24, lines 135..136, bytes 4541..4574, hits: 10)
- IC 3290 -> Item 78
- Creation code
  - Refers to item: Statement (location: source ID 24, lines 135..136, bytes 4541..4574, hits: 10)
- IC 3317 -> Item 79
- Creation code
  - Refers to item: Line (location: source ID 24, lines 137..138, bytes 4585..4628, hits: 10)
- IC 3317 -> Item 80
- Creation code
  - Refers to item: Statement (location: source ID 24, lines 137..138, bytes 4585..4628, hits: 10)
- IC 210 -> Item 81
- Creation code
  - Refers to item: Line (location: source ID 24, lines 141..155, bytes 4677..5094, hits: 2)
- IC 210 -> Item 82
- Creation code
  - Refers to item: Function "revokeConfirmation" (location: source ID 24, lines 141..155, bytes 4677..5094, hits: 2)
- IC 1939 -> Item 83
- Creation code
  - Refers to item: Line (location: source ID 24, lines 147..148, bytes 4822..4855, hits: 2)
- IC 1939 -> Item 84
- Creation code
  - Refers to item: Statement (location: source ID 24, lines 147..148, bytes 4822..4855, hits: 2)
- IC 2032 -> Item 85
- Creation code
  - Refers to item: Branch (branch: 9, path: 0) (location: source ID 24, lines 147..148, bytes 4857..4878, hits: 1)
- IC 2032 -> Item 86
- Creation code
  - Refers to item: Statement (location: source ID 24, lines 147..148, bytes 4857..4878, hits: 1)
- IC 2082 -> Item 87
- Creation code
  - Refers to item: Line (location: source ID 24, lines 149..150, bytes 4889..4942, hits: 1)
- IC 2082 -> Item 88
- Creation code
  - Refers to item: Statement (location: source ID 24, lines 149..150, bytes 4889..4942, hits: 1)
- IC 2117 -> Item 89
- Creation code
  - Refers to item: Line (location: source ID 24, lines 150..151, bytes 4952..4992, hits: 1)
- IC 2117 -> Item 90
- Creation code
  - Refers to item: Statement (location: source ID 24, lines 150..151, bytes 4952..4992, hits: 1)
- IC 2216 -> Item 91
- Creation code
  - Refers to item: Line (location: source ID 24, lines 151..152, bytes 5002..5035, hits: 1)
- IC 2216 -> Item 92
- Creation code
  - Refers to item: Statement (location: source ID 24, lines 151..152, bytes 5002..5035, hits: 1)
- IC 2243 -> Item 93
- Creation code
  - Refers to item: Line (location: source ID 24, lines 153..154, bytes 5046..5087, hits: 1)
- IC 2243 -> Item 94
- Creation code
  - Refers to item: Statement (location: source ID 24, lines 153..154, bytes 5046..5087, hits: 1)
- IC 654 -> Item 95
- Creation code
  - Refers to item: Line (location: source ID 24, lines 157..176, bytes 5136..5680, hits: 5)
- IC 654 -> Item 96
- Creation code
  - Refers to item: Function "executeTransaction" (location: source ID 24, lines 157..176, bytes 5136..5680, hits: 5)
- IC 4933 -> Item 97
- Creation code
  - Refers to item: Line (location: source ID 24, lines 163..164, bytes 5277..5330, hits: 4)
- IC 4933 -> Item 98
- Creation code
  - Refers to item: Statement (location: source ID 24, lines 163..164, bytes 5277..5330, hits: 4)
- IC 4968 -> Item 99
- Creation code
  - Refers to item: Line (location: source ID 24, lines 165..166, bytes 5345..5397, hits: 4)
- IC 4968 -> Item 100
- Creation code
  - Refers to item: Statement (location: source ID 24, lines 165..166, bytes 5345..5397, hits: 4)
- IC 5012 -> Item 101
- Creation code
  - Refers to item: Branch (branch: 10, path: 0) (location: source ID 24, lines 165..168, bytes 5399..5453, hits: 1)
- IC 5012 -> Item 102
- Creation code
  - Refers to item: Line (location: source ID 24, lines 166..167, bytes 5413..5442, hits: 1)
- IC 5012 -> Item 103
- Creation code
  - Refers to item: Statement (location: source ID 24, lines 166..167, bytes 5413..5442, hits: 1)
- IC 5062 -> Item 104
- Creation code
  - Refers to item: Line (location: source ID 24, lines 169..170, bytes 5463..5490, hits: 3)
- IC 5062 -> Item 105
- Creation code
  - Refers to item: Statement (location: source ID 24, lines 169..170, bytes 5463..5490, hits: 3)
- IC 5090 -> Item 106
- Creation code
  - Refers to item: Line (location: source ID 24, lines 171..172, bytes 5501..5584, hits: 3)
- IC 5090 -> Item 107
- Creation code
  - Refers to item: Statement (location: source ID 24, lines 171..172, bytes 5501..5584, hits: 3)
- IC 5091 -> Item 108
- Creation code
  - Refers to item: Statement (location: source ID 24, lines 171..172, bytes 5519..5584, hits: 3)
- IC 5237 -> Item 109
- Creation code
  - Refers to item: Line (location: source ID 24, lines 172..173, bytes 5598..5606, hits: 3)
- IC 5237 -> Item 110
- Creation code
  - Refers to item: Statement (location: source ID 24, lines 172..173, bytes 5598..5606, hits: 3)
- IC 5242 -> Item 111
- Creation code
  - Refers to item: Branch (branch: 11, path: 0) (location: source ID 24, lines 172..173, bytes 5608..5632, hits: 0)
- IC 5242 -> Item 112
- Creation code
  - Refers to item: Statement (location: source ID 24, lines 172..173, bytes 5608..5632, hits: 0)
- IC 5292 -> Item 113
- Creation code
  - Refers to item: Line (location: source ID 24, lines 174..175, bytes 5643..5673, hits: 3)
- IC 5292 -> Item 114
- Creation code
  - Refers to item: Statement (location: source ID 24, lines 174..175, bytes 5643..5673, hits: 3)
- IC 614 -> Item 115
- Creation code
  - Refers to item: Line (location: source ID 24, lines 182..191, bytes 5904..6201, hits: 259)
- IC 614 -> Item 116
- Creation code
  - Refers to item: Function "addSigner" (location: source ID 24, lines 182..191, bytes 5904..6201, hits: 259)
- IC 4160 -> Item 117
- Creation code
  - Refers to item: Line (location: source ID 24, lines 183..184, bytes 5976..5999, hits: 259)
- IC 4160 -> Item 118
- Creation code
  - Refers to item: Statement (location: source ID 24, lines 183..184, bytes 5976..5999, hits: 259)
- IC 4211 -> Item 119
- Creation code
  - Refers to item: Branch (branch: 12, path: 0) (location: source ID 24, lines 183..184, bytes 6001..6024, hits: 0)
- IC 4211 -> Item 120
- Creation code
  - Refers to item: Statement (location: source ID 24, lines 183..184, bytes 6001..6024, hits: 0)
- IC 4339 -> Item 121
- Creation code
  - Refers to item: Line (location: source ID 24, lines 184..185, bytes 6061..6083, hits: 0)
- IC 4339 -> Item 122
- Creation code
  - Refers to item: Branch (branch: 13, path: 0) (location: source ID 24, lines 184..185, bytes 6061..6083, hits: 0)
- IC 4339 -> Item 123
- Creation code
  - Refers to item: Statement (location: source ID 24, lines 184..185, bytes 6061..6083, hits: 0)
- IC 4389 -> Item 124
- Creation code
  - Refers to item: Line (location: source ID 24, lines 186..187, bytes 6094..6122, hits: 259)
- IC 4389 -> Item 125
- Creation code
  - Refers to item: Statement (location: source ID 24, lines 186..187, bytes 6094..6122, hits: 259)
- IC 4473 -> Item 126
- Creation code
  - Refers to item: Line (location: source ID 24, lines 187..188, bytes 6132..6156, hits: 259)
- IC 4473 -> Item 127
- Creation code
  - Refers to item: Statement (location: source ID 24, lines 187..188, bytes 6132..6156, hits: 259)
- IC 4569 -> Item 128
- Creation code
  - Refers to item: Line (location: source ID 24, lines 189..190, bytes 6167..6194, hits: 259)
- IC 4569 -> Item 129
- Creation code
  - Refers to item: Statement (location: source ID 24, lines 189..190, bytes 6167..6194, hits: 259)
- IC 170 -> Item 130
- Creation code
  - Refers to item: Line (location: source ID 24, lines 193..214, bytes 6243..6919, hits: 2)
- IC 170 -> Item 131
- Creation code
  - Refers to item: Function "removeSigner" (location: source ID 24, lines 193..214, bytes 6243..6919, hits: 2)
- IC 822 -> Item 132
- Creation code
  - Refers to item: Line (location: source ID 24, lines 194..195, bytes 6315..6334, hits: 2)
- IC 822 -> Item 133
- Creation code
  - Refers to item: Statement (location: source ID 24, lines 194..195, bytes 6315..6334, hits: 2)
- IC 899 -> Item 134
- Creation code
  - Refers to item: Branch (branch: 14, path: 0) (location: source ID 24, lines 194..195, bytes 6336..6355, hits: 0)
- IC 899 -> Item 135
- Creation code
  - Refers to item: Statement (location: source ID 24, lines 194..195, bytes 6336..6355, hits: 0)
- IC 951 -> Item 136
- Creation code
  - Refers to item: Line (location: source ID 24, lines 195..196, bytes 6369..6399, hits: 2)
- IC 951 -> Item 137
- Creation code
  - Refers to item: Statement (location: source ID 24, lines 195..196, bytes 6369..6399, hits: 2)
- IC 962 -> Item 138
- Creation code
  - Refers to item: Branch (branch: 15, path: 0) (location: source ID 24, lines 195..196, bytes 6401..6423, hits: 1)
- IC 962 -> Item 139
- Creation code
  - Refers to item: Statement (location: source ID 24, lines 195..196, bytes 6401..6423, hits: 1)
- IC 1012 -> Item 140
- Creation code
  - Refers to item: Line (location: source ID 24, lines 196..197, bytes 6437..6482, hits: 1)
- IC 1012 -> Item 141
- Creation code
  - Refers to item: Statement (location: source ID 24, lines 196..197, bytes 6437..6482, hits: 1)
- IC 1068 -> Item 142
- Creation code
  - Refers to item: Branch (branch: 16, path: 0) (location: source ID 24, lines 196..197, bytes 6484..6513, hits: 0)
- IC 1068 -> Item 143
- Creation code
  - Refers to item: Statement (location: source ID 24, lines 196..197, bytes 6484..6513, hits: 0)
- IC 1118 -> Item 144
- Creation code
  - Refers to item: Line (location: source ID 24, lines 198..199, bytes 6524..6550, hits: 1)
- IC 1118 -> Item 145
- Creation code
  - Refers to item: Statement (location: source ID 24, lines 198..199, bytes 6524..6550, hits: 1)
- IC 1201 -> Item 146
- Creation code
  - Refers to item: Line (location: source ID 24, lines 201..202, bytes 6602..6611, hits: 1)
- IC 1201 -> Item 147
- Creation code
  - Refers to item: Statement (location: source ID 24, lines 201..202, bytes 6602..6611, hits: 1)
- IC 1203 -> Item 148
- Creation code
  - Refers to item: Statement (location: source ID 24, lines 201..202, bytes 6613..6632, hits: 3)
- IC 1216 -> Item 149
- Creation code
  - Refers to item: Line (location: source ID 24, lines 202..203, bytes 6653..6674, hits: 3)
- IC 1216 -> Item 150
- Creation code
  - Refers to item: Statement (location: source ID 24, lines 202..203, bytes 6653..6674, hits: 3)
- IC 1326 -> Item 151
- Creation code
  - Refers to item: Branch (branch: 17, path: 0) (location: source ID 24, lines 202..207, bytes 6676..6807, hits: 1)
- IC 1326 -> Item 152
- Creation code
  - Refers to item: Line (location: source ID 24, lines 203..204, bytes 6694..6737, hits: 1)
- IC 1326 -> Item 153
- Creation code
  - Refers to item: Statement (location: source ID 24, lines 203..204, bytes 6694..6737, hits: 1)
- IC 1490 -> Item 154
- Creation code
  - Refers to item: Line (location: source ID 24, lines 204..205, bytes 6755..6769, hits: 1)
- IC 1490 -> Item 155
- Creation code
  - Refers to item: Statement (location: source ID 24, lines 204..205, bytes 6755..6769, hits: 1)
- IC 1558 -> Item 156
- Creation code
  - Refers to item: Line (location: source ID 24, lines 205..206, bytes 6787..6792, hits: 1)
- IC 1558 -> Item 157
- Creation code
  - Refers to item: Statement (location: source ID 24, lines 205..206, bytes 6787..6792, hits: 1)
- IC 1563 -> Item 158
- Creation code
  - Refers to item: Line (location: source ID 24, lines 208..209, bytes 6848..6851, hits: 2)
- IC 1563 -> Item 159
- Creation code
  - Refers to item: Statement (location: source ID 24, lines 208..209, bytes 6848..6851, hits: 2)
- IC 1575 -> Item 160
- Creation code
  - Refers to item: Line (location: source ID 24, lines 212..213, bytes 6886..6912, hits: 1)
- IC 1575 -> Item 161
- Creation code
  - Refers to item: Statement (location: source ID 24, lines 212..213, bytes 6886..6912, hits: 1)
- IC 472 -> Item 162
- Creation code
  - Refers to item: Line (location: source ID 24, lines 220..223, bytes 7143..7240, hits: 4)
- IC 472 -> Item 163
- Creation code
  - Refers to item: Function "getSignerCount" (location: source ID 24, lines 220..223, bytes 7143..7240, hits: 4)
- IC 2705 -> Item 164
- Creation code
  - Refers to item: Line (location: source ID 24, lines 221..222, bytes 7211..7233, hits: 4)
- IC 2705 -> Item 165
- Creation code
  - Refers to item: Statement (location: source ID 24, lines 221..222, bytes 7211..7233, hits: 4)
- IC 250 -> Item 166
- Creation code
  - Refers to item: Line (location: source ID 24, lines 225..228, bytes 7282..7389, hits: 519)
- IC 250 -> Item 167
- Creation code
  - Refers to item: Function "isSigner" (location: source ID 24, lines 225..228, bytes 7282..7389, hits: 519)
- IC 2318 -> Item 168
- Creation code
  - Refers to item: Line (location: source ID 24, lines 226..227, bytes 7356..7382, hits: 519)
- IC 2318 -> Item 169
- Creation code
  - Refers to item: Statement (location: source ID 24, lines 226..227, bytes 7356..7382, hits: 519)
- IC 412 -> Item 170
- Creation code
  - Refers to item: Line (location: source ID 24, lines 230..233, bytes 7431..7582, hits: 2)
- IC 412 -> Item 171
- Creation code
  - Refers to item: Function "getConfirmationCount" (location: source ID 24, lines 230..233, bytes 7431..7582, hits: 2)
- IC 2660 -> Item 172
- Creation code
  - Refers to item: Line (location: source ID 24, lines 231..232, bytes 7532..7575, hits: 2)
- IC 2660 -> Item 173
- Creation code
  - Refers to item: Statement (location: source ID 24, lines 231..232, bytes 7532..7575, hits: 2)
- IC 310 -> Item 174
- Creation code
  - Refers to item: Line (location: source ID 24, lines 235..246, bytes 7624..7829, hits: 2)
- IC 310 -> Item 175
- Creation code
  - Refers to item: Function "isConfirmed" (location: source ID 24, lines 235..246, bytes 7624..7829, hits: 2)
- IC 2462 -> Item 176
- Creation code
  - Refers to item: Line (location: source ID 24, lines 244..245, bytes 7787..7822, hits: 2)
- IC 2462 -> Item 177
- Creation code
  - Refers to item: Statement (location: source ID 24, lines 244..245, bytes 7787..7822, hits: 2)

Anchors for Contract "CommonBase" (solc 0.8.20, source ID 0):

Anchors for Contract "stdStorageSafe" (solc 0.8.20, source ID 8):

Anchors for Contract "TestBase" (solc 0.8.20, source ID 0):

Anchors for Contract "StdUtils" (solc 0.8.20, source ID 11):

Anchors for Contract "stdError" (solc 0.8.20, source ID 4):

Anchors for Contract "IERC165" (solc 0.8.20, source ID 16):

Anchors for Contract "IERC721Metadata" (solc 0.8.20, source ID 18):

Anchors for Contract "StdCheats" (solc 0.8.20, source ID 3):

Anchors for Contract "IERC20" (solc 0.8.20, source ID 17):

Anchors for Contract "IMulticall3" (solc 0.8.20, source ID 19):

Anchors for Contract "Vm" (solc 0.8.20, source ID 13):

Anchors for Contract "stdMath" (solc 0.8.20, source ID 7):

Anchors for Contract "console" (solc 0.8.20, source ID 14):

Anchors for Contract "stdToml" (solc 0.8.20, source ID 10):

Anchors for Contract "MockERC721" (solc 0.8.20, source ID 21):

